number,value,datetime_start,datetime_complete,duration,params_aggr,params_dropout,params_fan_out,params_hidden_dim,params_lr,params_num_layers,system_attrs_completed_rung_0,system_attrs_completed_rung_1,state
0,0.8674329501915709,2026-07-24 12:21:43.147789,2026-07-24 12:22:29.015133,0 days 00:00:45.867344,mean,0.5,"25,10",128,0.0015930522616241021,3,0.827485380116959,0.8304347826086956,COMPLETE
1,0.8124557678697806,2026-07-24 12:22:29.054561,2026-07-24 12:22:48.995068,0 days 00:00:19.940507,max,0.2,"25,10",256,0.0016738085788752138,2,0.83492296404989,0.8124557678697806,PRUNED
2,0.7844474761255116,2026-07-24 12:22:49.019525,2026-07-24 12:22:59.397175,0 days 00:00:10.377650,mean,0.2,"15,10",256,0.00013492834268013249,3,0.7844474761255116,,PRUNED
3,0.7933194154488518,2026-07-24 12:22:59.422482,2026-07-24 12:23:06.969780,0 days 00:00:07.547298,max,0.5,"10,10",128,0.00032927591344236165,2,0.7933194154488518,,PRUNED
4,0.6817370612730518,2026-07-24 12:23:07.240015,2026-07-24 12:23:14.147516,0 days 00:00:06.907501,mean,0.5,"25,10",128,0.00015030900645056822,2,0.6817370612730518,,PRUNED
5,0.6789755807027993,2026-07-24 12:23:14.172372,2026-07-24 12:23:20.865248,0 days 00:00:06.692876,max,0.5,"10,10",128,0.00014096175149815865,2,0.6789755807027993,,PRUNED
6,0.775593220338983,2026-07-24 12:23:20.888445,2026-07-24 12:23:31.230175,0 days 00:00:10.341730,mean,0.2,"10,10",256,0.005323617594751502,3,0.775593220338983,,PRUNED
7,0.8237853517041335,2026-07-24 12:23:31.253000,2026-07-24 12:23:40.955000,0 days 00:00:09.702000,mean,0.5,"15,10",128,0.0033233042062267943,3,0.8237853517041335,,PRUNED
8,0.7535853976531942,2026-07-24 12:23:40.979667,2026-07-24 12:23:48.288076,0 days 00:00:07.308409,max,0.5,"25,10",256,0.006533305220227739,2,0.7535853976531942,,PRUNED
9,,2026-07-24 12:23:48.310868,,,mean,0.5,"15,10",128,0.004048966222584676,2,0.8630573248407644,0.899505766062603,RUNNING
10,0.8050847457627118,2026-07-24 12:25:44.258663,2026-07-24 12:25:57.959335,0 days 00:00:13.700672,mean,0.5,"25,10",128,0.0015930522616241021,3,0.8050847457627118,,PRUNED
11,0.8753846153846154,2026-07-24 12:25:57.988082,2026-07-24 12:26:25.971343,0 days 00:00:27.983261,mean,0.2,"25,10",128,0.0005563750857229192,3,0.8551829268292683,0.8753846153846154,PRUNED
12,0.8677811550151976,2026-07-24 12:26:25.996129,2026-07-24 12:26:54.812621,0 days 00:00:28.816492,mean,0.2,"25,10",128,0.0005595876623374944,3,0.865625,0.8677811550151976,PRUNED
13,0.9185059422750425,2026-07-24 12:26:54.841977,2026-07-24 12:27:38.996265,0 days 00:00:44.154288,mean,0.2,"25,10",128,0.000725776538082948,3,0.8534743202416919,0.8853754940711462,COMPLETE
14,0.8343108504398827,2026-07-24 12:27:39.039301,2026-07-24 12:28:06.270943,0 days 00:00:27.231642,mean,0.2,"25,10",128,0.0015400888243698367,3,0.8591439688715953,0.8343108504398827,PRUNED
15,0.8045325779036827,2026-07-24 12:28:06.297405,2026-07-24 12:28:16.689497,0 days 00:00:10.392092,mean,0.5,"25,10",128,0.0009080010642498897,3,0.8045325779036827,,PRUNED
16,0.861132660977502,2026-07-24 12:28:16.721671,2026-07-24 12:28:44.238791,0 days 00:00:27.517120,mean,0.2,"15,10",128,0.003438792055665423,3,0.8616106333072713,0.861132660977502,PRUNED
17,0.8472535741158767,2026-07-24 12:28:44.265954,2026-07-24 12:28:54.669962,0 days 00:00:10.404008,mean,0.2,"25,10",128,0.00033541280986401124,3,0.8472535741158767,,PRUNED
18,0.7818930041152263,2026-07-24 12:28:54.699042,2026-07-24 12:29:05.046966,0 days 00:00:10.347924,mean,0.5,"25,10",128,0.0008051118748477174,3,0.7818930041152263,,PRUNED
19,0.687013764213046,2026-07-24 12:29:05.071995,2026-07-24 12:29:18.078674,0 days 00:00:13.006679,max,0.5,"15,10",256,0.00979479165154196,3,0.687013764213046,,PRUNED
20,0.8144404332129964,2026-07-24 12:29:18.107531,2026-07-24 12:29:28.671632,0 days 00:00:10.564101,mean,0.2,"10,10",128,0.0023239228846166334,3,0.8144404332129964,,PRUNED
21,0.7265774378585086,2026-07-24 12:29:28.697879,2026-07-24 12:29:38.694019,0 days 00:00:09.996140,mean,0.5,"25,10",128,0.00027841505385467144,3,0.7265774378585086,,PRUNED
22,0.8513816280806572,2026-07-24 12:29:38.723504,2026-07-24 12:30:06.977092,0 days 00:00:28.253588,mean,0.2,"25,10",128,0.0006555449158188136,3,0.851880276285495,0.8513816280806572,PRUNED
23,0.799163179916318,2026-07-24 12:30:07.004297,2026-07-24 12:30:17.502952,0 days 00:00:10.498655,mean,0.2,"25,10",128,0.0010840648235334671,3,0.799163179916318,,PRUNED
24,0.8646153846153846,2026-07-24 12:30:17.528854,2026-07-24 12:30:45.838460,0 days 00:00:28.309606,mean,0.2,"25,10",128,0.0005740122018683219,3,0.8569242540168325,0.8646153846153846,PRUNED
25,0.8394324122479462,2026-07-24 12:30:45.864266,2026-07-24 12:30:55.865152,0 days 00:00:10.000886,mean,0.2,"25,10",128,0.00043736674823645274,3,0.8394324122479462,,PRUNED
26,0.7870879120879121,2026-07-24 12:30:55.889787,2026-07-24 12:31:06.124127,0 days 00:00:10.234340,mean,0.2,"25,10",128,0.00021801678804182553,3,0.7870879120879121,,PRUNED
27,0.8557377049180328,2026-07-24 12:31:06.151213,2026-07-24 12:31:27.019344,0 days 00:00:20.868131,max,0.2,"25,10",256,0.0011720532560149783,2,0.8558625840179238,0.8557377049180328,PRUNED
28,0.7435897435897436,2026-07-24 12:31:27.047870,2026-07-24 12:31:54.718262,0 days 00:00:27.670392,mean,0.2,"25,10",128,0.002483357659768464,3,0.9080267558528428,0.7435897435897436,PRUNED
29,0.7190446260213702,2026-07-24 12:31:54.745155,2026-07-24 12:32:04.546884,0 days 00:00:09.801729,mean,0.5,"10,10",128,0.00047869188106080813,3,0.7190446260213702,,PRUNED
30,0.8593628593628594,2026-07-24 12:32:04.568040,2026-07-24 12:32:25.149860,0 days 00:00:20.581820,max,0.2,"15,10",256,0.0011094468565438918,2,0.8939641109298532,0.8593628593628594,PRUNED
31,0.8545454545454545,2026-07-24 12:32:25.171758,2026-07-24 12:32:53.437784,0 days 00:00:28.266026,mean,0.2,"25,10",128,0.0008047074487393429,3,0.8711462450592885,0.8545454545454545,PRUNED
32,0.8502269288956127,2026-07-24 12:32:53.458965,2026-07-24 12:33:03.682937,0 days 00:00:10.223972,mean,0.2,"25,10",128,0.00048821278533722263,3,0.8502269288956127,,PRUNED
33,0.9273648648648649,2026-07-24 12:33:03.705391,2026-07-24 12:33:48.857310,0 days 00:00:45.151919,mean,0.2,"25,10",128,0.0006636671097096978,3,0.8672427336999214,0.880443388756928,COMPLETE
34,0.863275039745628,2026-07-24 12:33:48.889254,2026-07-24 12:34:16.079794,0 days 00:00:27.190540,mean,0.2,"25,10",128,0.0020584778658583776,3,0.8872305140961857,0.863275039745628,PRUNED
35,0.7922705314009661,2026-07-24 12:34:16.101635,2026-07-24 12:34:26.173568,0 days 00:00:10.071933,mean,0.2,"25,10",128,0.00022170355280873373,3,0.7922705314009661,,PRUNED
36,0.813655761024182,2026-07-24 12:34:26.196706,2026-07-24 12:34:33.212549,0 days 00:00:07.015843,mean,0.2,"25,10",128,0.00036029390797863176,2,0.813655761024182,,PRUNED
37,0.8188405797101449,2026-07-24 12:34:33.233713,2026-07-24 12:34:45.854581,0 days 00:00:12.620868,max,0.5,"10,10",256,0.0007204715634751574,3,0.8188405797101449,,PRUNED
38,0.899919935948759,2026-07-24 12:34:45.874526,2026-07-24 12:35:15.859321,0 days 00:00:29.984795,mean,0.2,"15,10",128,0.0014252596696874898,2,0.8650306748466258,0.8785769528228925,COMPLETE
39,0.7761194029850746,2026-07-24 12:35:15.884731,2026-07-24 12:35:22.449746,0 days 00:00:06.565015,mean,0.5,"15,10",128,0.0012867916385330875,2,0.7761194029850746,,PRUNED
40,0.6794871794871795,2026-07-24 12:35:22.474190,2026-07-24 12:35:29.866342,0 days 00:00:07.392152,max,0.2,"15,10",256,0.00010488101410479353,2,0.6794871794871795,,PRUNED
41,0.8036853295535081,2026-07-24 12:35:29.886373,2026-07-24 12:35:37.165608,0 days 00:00:07.279235,mean,0.5,"15,10",128,0.0019761023891233446,2,0.8036853295535081,,PRUNED
42,0.8488888888888889,2026-07-24 12:35:37.186804,2026-07-24 12:35:43.945085,0 days 00:00:06.758281,mean,0.2,"15,10",128,0.0009828020978180307,2,0.8488888888888889,,PRUNED
43,0.8665644171779141,2026-07-24 12:35:43.967954,2026-07-24 12:36:02.105917,0 days 00:00:18.137963,mean,0.2,"15,10",128,0.0029349644414923097,2,0.9090909090909091,0.8665644171779141,PRUNED
44,0.8248017303532804,2026-07-24 12:36:02.126842,2026-07-24 12:36:11.854710,0 days 00:00:09.727868,mean,0.2,"25,10",128,0.0015891459662123325,3,0.8248017303532804,,PRUNED
45,0.7858117326057299,2026-07-24 12:36:11.877683,2026-07-24 12:36:18.393552,0 days 00:00:06.515869,mean,0.2,"10,10",128,0.0013586476991007082,2,0.7858117326057299,,PRUNED
46,0.814498933901919,2026-07-24 12:36:18.419899,2026-07-24 12:36:44.909856,0 days 00:00:26.489957,mean,0.2,"25,10",128,0.004993857665887835,3,0.8650858544562551,0.814498933901919,PRUNED
47,0.740979381443299,2026-07-24 12:36:44.930873,2026-07-24 12:36:54.727065,0 days 00:00:09.796192,mean,0.5,"25,10",128,0.0006174578776590311,3,0.740979381443299,,PRUNED
48,0.837037037037037,2026-07-24 12:36:54.749758,2026-07-24 12:37:04.442094,0 days 00:00:09.692336,mean,0.2,"15,10",128,0.0007853635805855772,3,0.837037037037037,,PRUNED
49,,2026-07-24 12:37:04.466430,,,mean,0.2,"25,10",128,0.0018182607466523293,2,0.9010458567980691,,RUNNING
50,0.823021582733813,2026-07-24 12:38:17.953230,2026-07-24 12:38:27.791745,0 days 00:00:09.838515,mean,0.2,"25,10",128,0.00037867168370013597,2,0.823021582733813,,PRUNED
51,0.7969295184926727,2026-07-24 12:38:27.817134,2026-07-24 12:38:41.207532,0 days 00:00:13.390398,max,0.5,"25,10",256,0.0009117365962688919,3,0.7969295184926727,,PRUNED
